2025.10.15 14:07:33 INFO  Started: Metals version 1.6.2 in folders 'C:\Users\oscar\OneDrive\Documentos\feina\IVEAEMPA\infra\spark' for client Visual Studio Code 1.105.0.
2025.10.15 14:07:35 INFO  no build target found for C:\Users\oscar\OneDrive\Documentos\feina\IVEAEMPA\infra\spark\build.sbt. Using presentation compiler with project's scala-library version: 3.3.6
oct 15, 2025 2:07:41 P. M. org.eclipse.lsp4j.jsonrpc.RemoteEndpoint handleCancellation
WARNING: Unmatched cancel notification for request id 4
oct 15, 2025 2:07:41 P. M. org.eclipse.lsp4j.jsonrpc.RemoteEndpoint handleCancellation
WARNING: Unmatched cancel notification for request id 1
2025.10.15 14:07:41 INFO  no build target found for C:\Users\oscar\OneDrive\Documentos\feina\IVEAEMPA\infra\spark\build.sbt. Using presentation compiler with project's scala-library version: 3.3.6
2025.10.15 14:07:41 INFO  no build target found for C:\Users\oscar\OneDrive\Documentos\feina\IVEAEMPA\infra\spark\build.sbt. Using presentation compiler with project's scala-library version: 3.3.6
2025.10.15 14:07:41 WARN  no build target for: C:\Users\oscar\OneDrive\Documentos\feina\IVEAEMPA\infra\spark\build.sbt
2025.10.15 14:07:41 WARN  no build target for: C:\Users\oscar\OneDrive\Documentos\feina\IVEAEMPA\infra\spark\build.sbt
2025.10.15 14:07:43 INFO  no build target found for C:\Users\oscar\OneDrive\Documentos\feina\IVEAEMPA\infra\spark\build.sbt. Using presentation compiler with project's scala-library version: 3.3.6
2025.10.15 14:07:51 INFO  no build target found for C:\Users\oscar\OneDrive\Documentos\feina\IVEAEMPA\infra\spark\project\plugins.sbt. Using presentation compiler with project's scala-library version: 3.3.6
2025.10.15 14:07:51 WARN  Could not find semantic tokens for: file:///C:/Users/oscar/OneDrive/Documentos/feina/IVEAEMPA/infra/spark/project/plugins.sbt
2025.10.15 14:08:56 INFO  no build target found for C:\Users\oscar\OneDrive\Documentos\feina\IVEAEMPA\infra\spark\src\main\scala\App.scala. Using presentation compiler with project's scala-library version: 3.3.6
2025.10.15 14:08:56 WARN  Could not find semantic tokens for: file:///C:/Users/oscar/OneDrive/Documentos/feina/IVEAEMPA/infra/spark/src/main/scala/App.scala
2025.10.15 14:09:00 INFO  no build target found for C:\Users\oscar\OneDrive\Documentos\feina\IVEAEMPA\infra\spark\src\main\scala\App.scala. Using presentation compiler with project's scala-library version: 3.3.6
2025.10.15 14:09:01 INFO  no build target found for C:\Users\oscar\OneDrive\Documentos\feina\IVEAEMPA\infra\spark\src\main\scala\App.scala. Using presentation compiler with project's scala-library version: 3.3.6
2025.10.15 14:09:01 WARN  no build target for: C:\Users\oscar\OneDrive\Documentos\feina\IVEAEMPA\infra\spark\src\main\scala\App.scala
2025.10.15 14:09:01 INFO  no build target found for C:\Users\oscar\OneDrive\Documentos\feina\IVEAEMPA\infra\spark\src\main\scala\App.scala. Using presentation compiler with project's scala-library version: 3.3.6
2025.10.15 14:09:01 WARN  no build target for: C:\Users\oscar\OneDrive\Documentos\feina\IVEAEMPA\infra\spark\src\main\scala\App.scala
2025.10.15 14:09:01 INFO  no build target found for C:\Users\oscar\OneDrive\Documentos\feina\IVEAEMPA\infra\spark\src\main\scala\App.scala. Using presentation compiler with project's scala-library version: 3.3.6
2025.10.15 14:09:09 INFO  no build target found for C:\Users\oscar\OneDrive\Documentos\feina\IVEAEMPA\infra\spark\src\main\scala\App.scala. Using presentation compiler with project's scala-library version: 3.3.6
2025.10.15 14:09:16 INFO  no build target found for C:\Users\oscar\OneDrive\Documentos\feina\IVEAEMPA\infra\spark\src\main\scala\App.scala. Using presentation compiler with project's scala-library version: 3.3.6
2025.10.15 14:09:17 INFO  no build target found for C:\Users\oscar\OneDrive\Documentos\feina\IVEAEMPA\infra\spark\src\main\scala\App.scala. Using presentation compiler with project's scala-library version: 3.3.6
2025.10.15 14:09:16 INFO  no build target found for C:\Users\oscar\OneDrive\Documentos\feina\IVEAEMPA\infra\spark\src\main\scala\App.scala. Using presentation compiler with project's scala-library version: 3.3.6
2025.10.15 14:09:17 INFO  no build target found for C:\Users\oscar\OneDrive\Documentos\feina\IVEAEMPA\infra\spark\src\main\scala\App.scala. Using presentation compiler with project's scala-library version: 3.3.6
2025.10.15 14:09:17 INFO  no build target found for C:\Users\oscar\OneDrive\Documentos\feina\IVEAEMPA\infra\spark\src\main\scala\App.scala. Using presentation compiler with project's scala-library version: 3.3.6
2025.10.15 14:09:17 INFO  Created report: Optional[file:///C:/Users/oscar/OneDrive/Documentos/feina/IVEAEMPA/infra/spark/src/main/scala/App.scala]
2025.10.15 14:09:17 INFO  empty definition using pc, found symbol in pc: `<none>`. (full report at: "C:\Users\oscar\OneDrive\Documentos\feina\IVEAEMPA\infra\spark\.metals\.reports\metals-full\2025-10-15\r_empty-definition_14-09-18-073.md")
oct 15, 2025 2:09:21 P. M. org.eclipse.lsp4j.jsonrpc.services.GenericEndpoint notify
INFO: Unsupported notification method: $/setTrace
2025.10.15 14:09:22 INFO  no build target found for C:\Users\oscar\OneDrive\Documentos\feina\IVEAEMPA\infra\spark\src\main\scala\App.scala. Using presentation compiler with project's scala-library version: 3.3.6
oct 15, 2025 2:09:23 P. M. org.eclipse.lsp4j.jsonrpc.services.GenericEndpoint notify
INFO: Unsupported notification method: $/setTrace
